Using pre-set license
Built from 'master' branch; Version is '2020.3.36f1 (71f96b79b9f0) revision 7469419'; Using compiler version '192528614'; Build Type 'Release'
OS: 'Windows 10  (10.0.19044) 64bit Professional' Language: 'pt' Physical Memory: 8147 MB
BatchMode: 1, IsHumanControllingUs: 0, StartBugReporterOnCrash: 0, Is64bit: 1, IsPro: 0

COMMAND LINE ARGUMENTS:
D:\UnityHub\2020.3.36f1\Editor\Unity.exe
-adb2
-batchMode
-noUpm
-name
AssetImportWorker1
-projectPath
D:/UNITY-REPOS/2D-FarmGame/2d-FarmGame
-logFile
Logs/AssetImportWorker1.log
-srvPort
62484
Successfully changed project path to: D:/UNITY-REPOS/2D-FarmGame/2d-FarmGame
D:/UNITY-REPOS/2D-FarmGame/2d-FarmGame
Using Asset Import Pipeline V2.
Refreshing native plugins compatible for Editor in 57.94 ms, found 3 plugins.
Preloading 0 native plugins for Editor in 0.00 ms.
Initialize engine version: 2020.3.36f1 (71f96b79b9f0)
[Subsystems] Discovering subsystems at path D:/UnityHub/2020.3.36f1/Editor/Data/Resources/UnitySubsystems
[Subsystems] Discovering subsystems at path D:/UNITY-REPOS/2D-FarmGame/2d-FarmGame/Assets
GfxDevice: creating device client; threaded=0
Direct3D:
    Version:  Direct3D 11.0 [level 11.0]
    Renderer: NVIDIA GeForce GT 730 (ID=0x1287)
    Vendor:   
    VRAM:     2007 MB
    Driver:   30.0.14.7298
Initialize mono
Mono path[0] = 'D:/UnityHub/2020.3.36f1/Editor/Data/Managed'
Mono path[1] = 'D:/UnityHub/2020.3.36f1/Editor/Data/MonoBleedingEdge/lib/mono/unityjit'
Mono config path = 'D:/UnityHub/2020.3.36f1/Editor/Data/MonoBleedingEdge/etc'
Using monoOptions --debugger-agent=transport=dt_socket,embedding=1,server=y,suspend=n,address=127.0.0.1:56612
Begin MonoManager ReloadAssembly
Registering precompiled unity dll's ...
Register platform support module: D:/UnityHub/2020.3.36f1/Editor/Data/PlaybackEngines/WebGLSupport/UnityEditor.WebGL.Extensions.dll
Register platform support module: D:/UnityHub/2020.3.36f1/Editor/Data/PlaybackEngines/WindowsStandaloneSupport/UnityEditor.WindowsStandalone.Extensions.dll
Registered in 0.001448 seconds.
Native extension for WindowsStandalone target not found
Native extension for WebGL target not found
Refreshing native plugins compatible for Editor in 68.28 ms, found 3 plugins.
Preloading 0 native plugins for Editor in 0.00 ms.
Mono: successfully reloaded assembly
- Completed reload, in  0.841 seconds
Domain Reload Profiling:
	ReloadAssembly (842ms)
		BeginReloadAssembly (74ms)
			ExecutionOrderSort (0ms)
			DisableScriptedObjects (0ms)
			BackupInstance (0ms)
			ReleaseScriptingObjects (0ms)
			CreateAndSetChildDomain (1ms)
		EndReloadAssembly (676ms)
			LoadAssemblies (73ms)
			RebuildTransferFunctionScriptingTraits (0ms)
			SetupTypeCache (240ms)
			ReleaseScriptCaches (0ms)
			RebuildScriptCaches (43ms)
			SetupLoadedEditorAssemblies (252ms)
				LogAssemblyErrors (0ms)
				InitializePlatformSupportModulesInManaged (10ms)
				SetLoadedEditorAssemblies (0ms)
				RefreshPlugins (68ms)
				BeforeProcessingInitializeOnLoad (18ms)
				ProcessInitializeOnLoadAttributes (118ms)
				ProcessInitializeOnLoadMethodAttributes (37ms)
				AfterProcessingInitializeOnLoad (0ms)
				EditorAssembliesLoaded (0ms)
			ExecutionOrderSort2 (0ms)
			AwakeInstancesAfterBackupRestoration (0ms)
Platform modules already initialized, skipping
Registering precompiled user dll's ...
Registered in 0.002405 seconds.
Begin MonoManager ReloadAssembly
Native extension for WindowsStandalone target not found
Native extension for WebGL target not found
Refreshing native plugins compatible for Editor in 76.53 ms, found 3 plugins.
Preloading 0 native plugins for Editor in 0.00 ms.
Mono: successfully reloaded assembly
- Completed reload, in  2.559 seconds
Domain Reload Profiling:
	ReloadAssembly (2561ms)
		BeginReloadAssembly (182ms)
			ExecutionOrderSort (0ms)
			DisableScriptedObjects (9ms)
			BackupInstance (0ms)
			ReleaseScriptingObjects (0ms)
			CreateAndSetChildDomain (26ms)
		EndReloadAssembly (2310ms)
			LoadAssemblies (993ms)
			RebuildTransferFunctionScriptingTraits (0ms)
			SetupTypeCache (404ms)
			ReleaseScriptCaches (1ms)
			RebuildScriptCaches (70ms)
			SetupLoadedEditorAssemblies (639ms)
				LogAssemblyErrors (0ms)
				InitializePlatformSupportModulesInManaged (5ms)
				SetLoadedEditorAssemblies (0ms)
				RefreshPlugins (77ms)
				BeforeProcessingInitializeOnLoad (119ms)
				ProcessInitializeOnLoadAttributes (339ms)
				ProcessInitializeOnLoadMethodAttributes (97ms)
				AfterProcessingInitializeOnLoad (2ms)
				EditorAssembliesLoaded (0ms)
			ExecutionOrderSort2 (0ms)
			AwakeInstancesAfterBackupRestoration (9ms)
Platform modules already initialized, skipping
========================================================================
Worker process is ready to serve import requests
Launched and connected shader compiler UnityShaderCompiler.exe after 0.17 seconds
Refreshing native plugins compatible for Editor in 0.56 ms, found 3 plugins.
Preloading 0 native plugins for Editor in 0.00 ms.
Unloading 2205 Unused Serialized files (Serialized files now loaded: 0)
System memory in use before: 97.1 MB.
System memory in use after: 97.0 MB.

Unloading 31 unused Assets to reduce memory usage. Loaded Objects now: 2636.
Total: 3.745300 ms (FindLiveObjects: 0.239500 ms CreateObjectMapping: 0.087500 ms MarkObjects: 3.258200 ms  DeleteObjects: 0.159100 ms)

AssetImportParameters requested are different than current active one (requested -> active):
  custom:framework-win-MediaFoundation: 216162199b28c13a410421893ffa2e32 -> 
  custom:video-decoder-ogg-theora: a1e56fd34408186e4bbccfd4996cb3dc -> 
  custom:container-muxer-webm: aa71ff27fc2769a1b78a27578f13a17b -> 
  custom:container-demuxer-webm: 4f35f7cbe854078d1ac9338744f61a02 -> 
  custom:container-demuxer-ogg: 62fdf1f143b41e24485cea50d1cbac27 -> 
  custom:video-encoder-webm-vp8: eb34c28f22e8b96e1ab97ce403110664 -> 
  custom:video-decoder-webm-vp8: 9c59270c3fd7afecdb556c50c9e8de78 -> 
  custom:audio-decoder-ogg-vorbis: bf7c407c2cedff20999df2af8eb42d56 -> 
  custom:audio-encoder-webm-vorbis: bf7c407c2cedff20999df2af8eb42d56 -> 
========================================================================
Received Import Request.
  path: Assets/Prefabs
  artifactKey: Guid(a795a306bc3ecbb40a304398131c69d1) Importer(815301076,1909f56bfc062723c751e8b465ee728b)
Start importing Assets/Prefabs using Guid(a795a306bc3ecbb40a304398131c69d1) Importer(815301076,1909f56bfc062723c751e8b465ee728b)  -> (artifact id: '7b88efb87e3d26d84d1ff62d4c197c31') in 0.030894 seconds 
========================================================================
Received Import Request.
  Time since last request: 11.295592 seconds.
  path: Assets
  artifactKey: Guid(00000000000000001000000000000000) Importer(815301076,1909f56bfc062723c751e8b465ee728b)
Start importing Assets using Guid(00000000000000001000000000000000) Importer(815301076,1909f56bfc062723c751e8b465ee728b)  -> (artifact id: '42d402b061de3733987d63b9cc3b64de') in 0.015829 seconds 
========================================================================
Received Import Request.
  Time since last request: 5.127578 seconds.
  path: Assets/Scripts
  artifactKey: Guid(caf23bd864a823e41a72a7903b98e641) Importer(815301076,1909f56bfc062723c751e8b465ee728b)
Start importing Assets/Scripts using Guid(caf23bd864a823e41a72a7903b98e641) Importer(815301076,1909f56bfc062723c751e8b465ee728b)  -> (artifact id: '88567492f51ddb8825a0145a81481131') in 0.011004 seconds 
========================================================================
Received Import Request.
  Time since last request: 53.989508 seconds.
  path: Assets/Animations
  artifactKey: Guid(d32e9c1b94861f541a2f9e443ffab4b5) Importer(815301076,1909f56bfc062723c751e8b465ee728b)
Start importing Assets/Animations using Guid(d32e9c1b94861f541a2f9e443ffab4b5) Importer(815301076,1909f56bfc062723c751e8b465ee728b)  -> (artifact id: '8f1e3a38c795b5fda32b8493b20dcf70') in 0.012545 seconds 
========================================================================
Received Import Request.
  Time since last request: 353.461178 seconds.
  path: Assets/Sprites
  artifactKey: Guid(ba289e0ca2c7cf84d8e7aa06016875f4) Importer(815301076,1909f56bfc062723c751e8b465ee728b)
Start importing Assets/Sprites using Guid(ba289e0ca2c7cf84d8e7aa06016875f4) Importer(815301076,1909f56bfc062723c751e8b465ee728b)  -> (artifact id: '09aaf5c11d09bdee120e7a4acf632aa9') in 0.011681 seconds 
========================================================================
Received Import Request.
  Time since last request: 40.526970 seconds.
  path: Assets/Sprites/rpg_sprite_walk.png
  artifactKey: Guid(144d440cf89509045b4e25ae83c6faf8) Importer(815301076,1909f56bfc062723c751e8b465ee728b)
Start importing Assets/Sprites/rpg_sprite_walk.png using Guid(144d440cf89509045b4e25ae83c6faf8) Importer(815301076,1909f56bfc062723c751e8b465ee728b)  -> (artifact id: 'e892cfb7eef392ef4ba6c038603cd208') in 0.177212 seconds 
========================================================================
Received Import Request.
  Time since last request: 18.948091 seconds.
  path: Assets/Sprites/cave.png
  artifactKey: Guid(57c9e01873427a3489ade4e5c741a0d8) Importer(815301076,1909f56bfc062723c751e8b465ee728b)
Start importing Assets/Sprites/cave.png using Guid(57c9e01873427a3489ade4e5c741a0d8) Importer(815301076,1909f56bfc062723c751e8b465ee728b)  -> (artifact id: '1730626d0c753398f7362e90f47de889') in 0.027020 seconds 
========================================================================
Received Import Request.
  Time since last request: 0.000208 seconds.
  path: Assets/Sprites/log.png
  artifactKey: Guid(707b76d7e981ea04b82915eb947e3a0c) Importer(815301076,1909f56bfc062723c751e8b465ee728b)
Start importing Assets/Sprites/log.png using Guid(707b76d7e981ea04b82915eb947e3a0c) Importer(815301076,1909f56bfc062723c751e8b465ee728b)  -> (artifact id: 'af5beabb6f58df6edd3cd50b3393c988') in 0.029541 seconds 
========================================================================
Received Import Request.
  Time since last request: 0.000231 seconds.
  path: Assets/Sprites/NPC_test.png
  artifactKey: Guid(5c1a195ea0520dd498cbe87640d52f8e) Importer(815301076,1909f56bfc062723c751e8b465ee728b)
Start importing Assets/Sprites/NPC_test.png using Guid(5c1a195ea0520dd498cbe87640d52f8e) Importer(815301076,1909f56bfc062723c751e8b465ee728b)  -> (artifact id: '2e6fa30b2a44eba47e0c50dd93ca2a46') in 0.032350 seconds 
========================================================================
Received Import Request.
  Time since last request: 0.000212 seconds.
  path: Assets/Sprites/character.png
  artifactKey: Guid(3c6ceec43d0d89c40955659bd7a64ed8) Importer(815301076,1909f56bfc062723c751e8b465ee728b)
Start importing Assets/Sprites/character.png using Guid(3c6ceec43d0d89c40955659bd7a64ed8) Importer(815301076,1909f56bfc062723c751e8b465ee728b)  -> (artifact id: 'c163bf2d699f404a389913022c528f6d') in 0.036315 seconds 
========================================================================
Received Import Request.
  Time since last request: 0.000224 seconds.
  path: Assets/Sprites/Overworld.png
  artifactKey: Guid(c23134b37055da642a1bc26cdac08bd2) Importer(815301076,1909f56bfc062723c751e8b465ee728b)
Start importing Assets/Sprites/Overworld.png using Guid(c23134b37055da642a1bc26cdac08bd2) Importer(815301076,1909f56bfc062723c751e8b465ee728b)  -> (artifact id: '545ca481e043f927f32be17fe7a87ccd') in 0.028693 seconds 
========================================================================
Received Import Request.
  Time since last request: 0.000211 seconds.
  path: Assets/Sprites/font.png
  artifactKey: Guid(e874c519fffbf4848b2c79f5c2fbfa6e) Importer(815301076,1909f56bfc062723c751e8b465ee728b)
Start importing Assets/Sprites/font.png using Guid(e874c519fffbf4848b2c79f5c2fbfa6e) Importer(815301076,1909f56bfc062723c751e8b465ee728b)  -> (artifact id: '7b0c4a3449c76d463407464cb4338c30') in 0.027117 seconds 
========================================================================
Received Import Request.
  Time since last request: 0.000363 seconds.
  path: Assets/Sprites/Inner.png
  artifactKey: Guid(e7dcb45505610cf4d99cd4736c193589) Importer(815301076,1909f56bfc062723c751e8b465ee728b)
Start importing Assets/Sprites/Inner.png using Guid(e7dcb45505610cf4d99cd4736c193589) Importer(815301076,1909f56bfc062723c751e8b465ee728b)  -> (artifact id: 'aa5f0909bbc82af57e9a601e23e1b674') in 0.024833 seconds 
========================================================================
Received Import Request.
  Time since last request: 0.000221 seconds.
  path: Assets/Sprites/objects.png
  artifactKey: Guid(581ba40b97a2e1a4e9b26066c7242141) Importer(815301076,1909f56bfc062723c751e8b465ee728b)
Start importing Assets/Sprites/objects.png using Guid(581ba40b97a2e1a4e9b26066c7242141) Importer(815301076,1909f56bfc062723c751e8b465ee728b)  -> (artifact id: '4ff0587f470621a687f755180a42db9b') in 0.019478 seconds 
========================================================================
Received Import Request.
  Time since last request: 85.073499 seconds.
  path: Assets/Sprites/rpg_sprite_walk 1.png
  artifactKey: Guid(839d113bc9d6f844daefcc9e52317d14) Importer(815301076,1909f56bfc062723c751e8b465ee728b)
Start importing Assets/Sprites/rpg_sprite_walk 1.png using Guid(839d113bc9d6f844daefcc9e52317d14) Importer(815301076,1909f56bfc062723c751e8b465ee728b)  -> (artifact id: '0dcb46f016e55e2f128a677ac60a8870') in 0.022741 seconds 
========================================================================
Received Import Request.
  Time since last request: 34.189665 seconds.
  path: Assets/Sprites/rpg_sprite_walk.png
  artifactKey: Guid(144d440cf89509045b4e25ae83c6faf8) Importer(815301076,1909f56bfc062723c751e8b465ee728b)
Start importing Assets/Sprites/rpg_sprite_walk.png using Guid(144d440cf89509045b4e25ae83c6faf8) Importer(815301076,1909f56bfc062723c751e8b465ee728b)  -> (artifact id: '5b8f7322627c4ffc68666d6a048df071') in 0.027256 seconds 
========================================================================
Received Import Request.
  Time since last request: 56.860460 seconds.
  path: Assets/Sprites/rpg_sprite_walk.png
  artifactKey: Guid(144d440cf89509045b4e25ae83c6faf8) Importer(815301076,1909f56bfc062723c751e8b465ee728b)
Start importing Assets/Sprites/rpg_sprite_walk.png using Guid(144d440cf89509045b4e25ae83c6faf8) Importer(815301076,1909f56bfc062723c751e8b465ee728b)  -> (artifact id: '02d0c90f5589b427cac93387c73036f0') in 0.110760 seconds 
========================================================================
Received Import Request.
  Time since last request: 1086.023741 seconds.
  path: Assets/Animations/AnimatorController
  artifactKey: Guid(bda8e999b2522374d8ad7458a8e8c6b4) Importer(815301076,1909f56bfc062723c751e8b465ee728b)
Start importing Assets/Animations/AnimatorController using Guid(bda8e999b2522374d8ad7458a8e8c6b4) Importer(815301076,1909f56bfc062723c751e8b465ee728b)  -> (artifact id: '8573dfef4c7ab223923705449150b612') in 0.014369 seconds 
========================================================================
Received Prepare
Registering precompiled user dll's ...
Registered in 0.030254 seconds.
Begin MonoManager ReloadAssembly
Native extension for WindowsStandalone target not found
Native extension for WebGL target not found
Refreshing native plugins compatible for Editor in 0.55 ms, found 3 plugins.
Preloading 0 native plugins for Editor in 0.00 ms.
Mono: successfully reloaded assembly
- Completed reload, in  1.111 seconds
Domain Reload Profiling:
	ReloadAssembly (1112ms)
		BeginReloadAssembly (141ms)
			ExecutionOrderSort (0ms)
			DisableScriptedObjects (8ms)
			BackupInstance (0ms)
			ReleaseScriptingObjects (0ms)
			CreateAndSetChildDomain (44ms)
		EndReloadAssembly (912ms)
			LoadAssemblies (123ms)
			RebuildTransferFunctionScriptingTraits (0ms)
			SetupTypeCache (331ms)
			ReleaseScriptCaches (1ms)
			RebuildScriptCaches (46ms)
			SetupLoadedEditorAssemblies (322ms)
				LogAssemblyErrors (0ms)
				InitializePlatformSupportModulesInManaged (6ms)
				SetLoadedEditorAssemblies (1ms)
				RefreshPlugins (1ms)
				BeforeProcessingInitializeOnLoad (98ms)
				ProcessInitializeOnLoadAttributes (197ms)
				ProcessInitializeOnLoadMethodAttributes (17ms)
				AfterProcessingInitializeOnLoad (2ms)
				EditorAssembliesLoaded (0ms)
			ExecutionOrderSort2 (0ms)
			AwakeInstancesAfterBackupRestoration (5ms)
Platform modules already initialized, skipping
Refreshing native plugins compatible for Editor in 0.79 ms, found 3 plugins.
Preloading 0 native plugins for Editor in 0.00 ms.
Unloading 2200 Unused Serialized files (Serialized files now loaded: 0)
System memory in use before: 100.0 MB.
System memory in use after: 100.0 MB.

Unloading 20 unused Assets to reduce memory usage. Loaded Objects now: 2659.
Total: 3.770400 ms (FindLiveObjects: 0.193000 ms CreateObjectMapping: 0.091300 ms MarkObjects: 3.320600 ms  DeleteObjects: 0.164700 ms)

AssetImportParameters requested are different than current active one (requested -> active):
  custom:framework-win-MediaFoundation: 216162199b28c13a410421893ffa2e32 -> 
  custom:video-decoder-ogg-theora: a1e56fd34408186e4bbccfd4996cb3dc -> 
  custom:container-muxer-webm: aa71ff27fc2769a1b78a27578f13a17b -> 
  custom:container-demuxer-webm: 4f35f7cbe854078d1ac9338744f61a02 -> 
  custom:container-demuxer-ogg: 62fdf1f143b41e24485cea50d1cbac27 -> 
  custom:video-encoder-webm-vp8: eb34c28f22e8b96e1ab97ce403110664 -> 
  custom:video-decoder-webm-vp8: 9c59270c3fd7afecdb556c50c9e8de78 -> 
  custom:audio-decoder-ogg-vorbis: bf7c407c2cedff20999df2af8eb42d56 -> 
  custom:audio-encoder-webm-vorbis: bf7c407c2cedff20999df2af8eb42d56 -> 
========================================================================
Received Import Request.
  Time since last request: 78.096778 seconds.
  path: Assets/Scripts/CharacterController2D.cs
  artifactKey: Guid(6ede5c4384deeed44af8e66e717672df) Importer(815301076,1909f56bfc062723c751e8b465ee728b)
Start importing Assets/Scripts/CharacterController2D.cs using Guid(6ede5c4384deeed44af8e66e717672df) Importer(815301076,1909f56bfc062723c751e8b465ee728b)  -> (artifact id: 'b0e98533eb422b8f1c74f8797bab2050') in 0.122519 seconds 
========================================================================
Received Prepare
Registering precompiled user dll's ...
Registered in 0.004045 seconds.
Begin MonoManager ReloadAssembly
Native extension for WindowsStandalone target not found
Native extension for WebGL target not found
Refreshing native plugins compatible for Editor in 0.61 ms, found 3 plugins.
Preloading 0 native plugins for Editor in 0.00 ms.
Mono: successfully reloaded assembly
- Completed reload, in  1.175 seconds
Domain Reload Profiling:
	ReloadAssembly (1175ms)
		BeginReloadAssembly (158ms)
			ExecutionOrderSort (0ms)
			DisableScriptedObjects (9ms)
			BackupInstance (0ms)
			ReleaseScriptingObjects (0ms)
			CreateAndSetChildDomain (52ms)
		EndReloadAssembly (932ms)
			LoadAssemblies (144ms)
			RebuildTransferFunctionScriptingTraits (0ms)
			SetupTypeCache (333ms)
			ReleaseScriptCaches (2ms)
			RebuildScriptCaches (48ms)
			SetupLoadedEditorAssemblies (327ms)
				LogAssemblyErrors (0ms)
				InitializePlatformSupportModulesInManaged (5ms)
				SetLoadedEditorAssemblies (1ms)
				RefreshPlugins (1ms)
				BeforeProcessingInitializeOnLoad (93ms)
				ProcessInitializeOnLoadAttributes (208ms)
				ProcessInitializeOnLoadMethodAttributes (17ms)
				AfterProcessingInitializeOnLoad (2ms)
				EditorAssembliesLoaded (0ms)
			ExecutionOrderSort2 (0ms)
			AwakeInstancesAfterBackupRestoration (6ms)
Platform modules already initialized, skipping
Refreshing native plugins compatible for Editor in 0.63 ms, found 3 plugins.
Preloading 0 native plugins for Editor in 0.00 ms.
Unloading 2201 Unused Serialized files (Serialized files now loaded: 0)
System memory in use before: 100.1 MB.
System memory in use after: 100.1 MB.

Unloading 20 unused Assets to reduce memory usage. Loaded Objects now: 2663.
Total: 4.275500 ms (FindLiveObjects: 0.318300 ms CreateObjectMapping: 0.211100 ms MarkObjects: 3.596900 ms  DeleteObjects: 0.148200 ms)

AssetImportParameters requested are different than current active one (requested -> active):
  custom:framework-win-MediaFoundation: 216162199b28c13a410421893ffa2e32 -> 
  custom:video-decoder-ogg-theora: a1e56fd34408186e4bbccfd4996cb3dc -> 
  custom:container-muxer-webm: aa71ff27fc2769a1b78a27578f13a17b -> 
  custom:container-demuxer-webm: 4f35f7cbe854078d1ac9338744f61a02 -> 
  custom:container-demuxer-ogg: 62fdf1f143b41e24485cea50d1cbac27 -> 
  custom:video-encoder-webm-vp8: eb34c28f22e8b96e1ab97ce403110664 -> 
  custom:video-decoder-webm-vp8: 9c59270c3fd7afecdb556c50c9e8de78 -> 
  custom:audio-decoder-ogg-vorbis: bf7c407c2cedff20999df2af8eb42d56 -> 
  custom:audio-encoder-webm-vorbis: bf7c407c2cedff20999df2af8eb42d56 -> 
========================================================================
Received Prepare
Registering precompiled user dll's ...
Registered in 0.003357 seconds.
Begin MonoManager ReloadAssembly
Native extension for WindowsStandalone target not found
Native extension for WebGL target not found
Refreshing native plugins compatible for Editor in 0.57 ms, found 3 plugins.
Preloading 0 native plugins for Editor in 0.00 ms.
Mono: successfully reloaded assembly
- Completed reload, in  1.157 seconds
Domain Reload Profiling:
	ReloadAssembly (1157ms)
		BeginReloadAssembly (144ms)
			ExecutionOrderSort (0ms)
			DisableScriptedObjects (7ms)
			BackupInstance (0ms)
			ReleaseScriptingObjects (0ms)
			CreateAndSetChildDomain (44ms)
		EndReloadAssembly (928ms)
			LoadAssemblies (132ms)
			RebuildTransferFunctionScriptingTraits (0ms)
			SetupTypeCache (342ms)
			ReleaseScriptCaches (1ms)
			RebuildScriptCaches (49ms)
			SetupLoadedEditorAssemblies (322ms)
				LogAssemblyErrors (0ms)
				InitializePlatformSupportModulesInManaged (6ms)
				SetLoadedEditorAssemblies (1ms)
				RefreshPlugins (1ms)
				BeforeProcessingInitializeOnLoad (93ms)
				ProcessInitializeOnLoadAttributes (202ms)
				ProcessInitializeOnLoadMethodAttributes (17ms)
				AfterProcessingInitializeOnLoad (2ms)
				EditorAssembliesLoaded (0ms)
			ExecutionOrderSort2 (0ms)
			AwakeInstancesAfterBackupRestoration (5ms)
Platform modules already initialized, skipping
Refreshing native plugins compatible for Editor in 0.57 ms, found 3 plugins.
Preloading 0 native plugins for Editor in 0.00 ms.
Unloading 2201 Unused Serialized files (Serialized files now loaded: 0)
System memory in use before: 100.1 MB.
System memory in use after: 100.1 MB.

Unloading 20 unused Assets to reduce memory usage. Loaded Objects now: 2666.
Total: 4.556700 ms (FindLiveObjects: 0.286800 ms CreateObjectMapping: 0.208400 ms MarkObjects: 3.903900 ms  DeleteObjects: 0.156100 ms)

AssetImportParameters requested are different than current active one (requested -> active):
  custom:framework-win-MediaFoundation: 216162199b28c13a410421893ffa2e32 -> 
  custom:video-decoder-ogg-theora: a1e56fd34408186e4bbccfd4996cb3dc -> 
  custom:container-muxer-webm: aa71ff27fc2769a1b78a27578f13a17b -> 
  custom:container-demuxer-webm: 4f35f7cbe854078d1ac9338744f61a02 -> 
  custom:container-demuxer-ogg: 62fdf1f143b41e24485cea50d1cbac27 -> 
  custom:video-encoder-webm-vp8: eb34c28f22e8b96e1ab97ce403110664 -> 
  custom:video-decoder-webm-vp8: 9c59270c3fd7afecdb556c50c9e8de78 -> 
  custom:audio-decoder-ogg-vorbis: bf7c407c2cedff20999df2af8eb42d56 -> 
  custom:audio-encoder-webm-vorbis: bf7c407c2cedff20999df2af8eb42d56 -> 
========================================================================
Received Import Request.
  Time since last request: 478.739277 seconds.
  path: Assets/Scripts/CharacterController2D.cs
  artifactKey: Guid(6ede5c4384deeed44af8e66e717672df) Importer(815301076,1909f56bfc062723c751e8b465ee728b)
Start importing Assets/Scripts/CharacterController2D.cs using Guid(6ede5c4384deeed44af8e66e717672df) Importer(815301076,1909f56bfc062723c751e8b465ee728b)  -> (artifact id: '8fcea0532bd3082fd176b50b4343bbbf') in 0.010424 seconds 
========================================================================
Received Prepare
Registering precompiled user dll's ...
Registered in 0.002283 seconds.
Begin MonoManager ReloadAssembly
Native extension for WindowsStandalone target not found
Native extension for WebGL target not found
Refreshing native plugins compatible for Editor in 0.55 ms, found 3 plugins.
Preloading 0 native plugins for Editor in 0.00 ms.
Mono: successfully reloaded assembly
- Completed reload, in  1.250 seconds
Domain Reload Profiling:
	ReloadAssembly (1250ms)
		BeginReloadAssembly (128ms)
			ExecutionOrderSort (0ms)
			DisableScriptedObjects (7ms)
			BackupInstance (0ms)
			ReleaseScriptingObjects (0ms)
			CreateAndSetChildDomain (39ms)
		EndReloadAssembly (1060ms)
			LoadAssemblies (115ms)
			RebuildTransferFunctionScriptingTraits (0ms)
			SetupTypeCache (424ms)
			ReleaseScriptCaches (1ms)
			RebuildScriptCaches (49ms)
			SetupLoadedEditorAssemblies (363ms)
				LogAssemblyErrors (0ms)
				InitializePlatformSupportModulesInManaged (7ms)
				SetLoadedEditorAssemblies (1ms)
				RefreshPlugins (1ms)
				BeforeProcessingInitializeOnLoad (96ms)
				ProcessInitializeOnLoadAttributes (238ms)
				ProcessInitializeOnLoadMethodAttributes (18ms)
				AfterProcessingInitializeOnLoad (2ms)
				EditorAssembliesLoaded (0ms)
			ExecutionOrderSort2 (0ms)
			AwakeInstancesAfterBackupRestoration (5ms)
Platform modules already initialized, skipping
Refreshing native plugins compatible for Editor in 0.58 ms, found 3 plugins.
Preloading 0 native plugins for Editor in 0.00 ms.
Unloading 2201 Unused Serialized files (Serialized files now loaded: 0)
System memory in use before: 100.1 MB.
System memory in use after: 100.1 MB.

Unloading 20 unused Assets to reduce memory usage. Loaded Objects now: 2669.
Total: 3.524400 ms (FindLiveObjects: 0.181400 ms CreateObjectMapping: 0.086300 ms MarkObjects: 3.122200 ms  DeleteObjects: 0.133500 ms)

AssetImportParameters requested are different than current active one (requested -> active):
  custom:framework-win-MediaFoundation: 216162199b28c13a410421893ffa2e32 -> 
  custom:video-decoder-ogg-theora: a1e56fd34408186e4bbccfd4996cb3dc -> 
  custom:container-muxer-webm: aa71ff27fc2769a1b78a27578f13a17b -> 
  custom:container-demuxer-webm: 4f35f7cbe854078d1ac9338744f61a02 -> 
  custom:container-demuxer-ogg: 62fdf1f143b41e24485cea50d1cbac27 -> 
  custom:video-encoder-webm-vp8: eb34c28f22e8b96e1ab97ce403110664 -> 
  custom:video-decoder-webm-vp8: 9c59270c3fd7afecdb556c50c9e8de78 -> 
  custom:audio-decoder-ogg-vorbis: bf7c407c2cedff20999df2af8eb42d56 -> 
  custom:audio-encoder-webm-vorbis: bf7c407c2cedff20999df2af8eb42d56 -> 
========================================================================
Received Prepare
Registering precompiled user dll's ...
Registered in 0.004658 seconds.
Begin MonoManager ReloadAssembly
Native extension for WindowsStandalone target not found
Native extension for WebGL target not found
Refreshing native plugins compatible for Editor in 0.56 ms, found 3 plugins.
Preloading 0 native plugins for Editor in 0.00 ms.
Invalid AssetDatabase path: /Editor/EditorResources/cm_logo_sm.png. Use path relative to the project folder.
UnityEngine.StackTraceUtility:ExtractStackTrace ()
UnityEditor.AssetDatabase:LoadAssetAtPath<UnityEngine.Texture2D> (string)
Cinemachine.Editor.CinemachineSettings:get_CinemachineLogoTexture () (at Library/PackageCache/com.unity.cinemachine@2.6.17/Editor/Windows/CinemachineSettings.cs:205)
Cinemachine.Editor.CinemachineSettings:.cctor () (at Library/PackageCache/com.unity.cinemachine@2.6.17/Editor/Windows/CinemachineSettings.cs:261)
Cinemachine.CinemachineColliderPrefs:.cctor () (at Library/PackageCache/com.unity.cinemachine@2.6.17/Editor/Windows/CinemachineColliderPrefs.cs:61)
System.Runtime.CompilerServices.RuntimeHelpers:RunClassConstructor (System.RuntimeTypeHandle)
UnityEditor.EditorAssemblies:ProcessInitializeOnLoadAttributes (System.Type[])

[Library/PackageCache/com.unity.cinemachine@2.6.17/Editor/Windows/CinemachineSettings.cs line 205]

Invalid AssetDatabase path: /Editor/EditorResources/cm_logo_sm.png. Use path relative to the project folder.
UnityEngine.StackTraceUtility:ExtractStackTrace ()
UnityEditor.AssetDatabase:LoadAssetAtPath<UnityEngine.Texture2D> (string)
Cinemachine.Editor.CinemachineSettings:get_CinemachineLogoTexture () (at Library/PackageCache/com.unity.cinemachine@2.6.17/Editor/Windows/CinemachineSettings.cs:205)
Cinemachine.Editor.CinemachineSettings:OnPackageLoadedInEditor () (at Library/PackageCache/com.unity.cinemachine@2.6.17/Editor/Windows/CinemachineSettings.cs:246)
System.Reflection.MonoMethod:Invoke (object,System.Reflection.BindingFlags,System.Reflection.Binder,object[],System.Globalization.CultureInfo)
System.Reflection.MethodBase:Invoke (object,object[])
UnityEditor.EditorAssemblies:ProcessInitializeOnLoadMethodAttributes ()

[Library/PackageCache/com.unity.cinemachine@2.6.17/Editor/Windows/CinemachineSettings.cs line 205]

Mono: successfully reloaded assembly
- Completed reload, in  1.064 seconds
Domain Reload Profiling:
	ReloadAssembly (1064ms)
		BeginReloadAssembly (117ms)
			ExecutionOrderSort (0ms)
			DisableScriptedObjects (7ms)
			BackupInstance (0ms)
			ReleaseScriptingObjects (0ms)
			CreateAndSetChildDomain (35ms)
		EndReloadAssembly (880ms)
			LoadAssemblies (102ms)
			RebuildTransferFunctionScriptingTraits (0ms)
			SetupTypeCache (312ms)
			ReleaseScriptCaches (1ms)
			RebuildScriptCaches (45ms)
			SetupLoadedEditorAssemblies (332ms)
				LogAssemblyErrors (0ms)
				InitializePlatformSupportModulesInManaged (5ms)
				SetLoadedEditorAssemblies (1ms)
				RefreshPlugins (1ms)
				BeforeProcessingInitializeOnLoad (91ms)
				ProcessInitializeOnLoadAttributes (215ms)
				ProcessInitializeOnLoadMethodAttributes (17ms)
				AfterProcessingInitializeOnLoad (2ms)
				EditorAssembliesLoaded (0ms)
			ExecutionOrderSort2 (0ms)
			AwakeInstancesAfterBackupRestoration (5ms)
Platform modules already initialized, skipping
Refreshing native plugins compatible for Editor in 0.59 ms, found 3 plugins.
Preloading 0 native plugins for Editor in 0.00 ms.
Unloading 2348 Unused Serialized files (Serialized files now loaded: 0)
System memory in use before: 105.3 MB.
System memory in use after: 105.4 MB.

Unloading 21 unused Assets to reduce memory usage. Loaded Objects now: 2818.
Total: 4.015900 ms (FindLiveObjects: 0.292700 ms CreateObjectMapping: 0.250100 ms MarkObjects: 3.320200 ms  DeleteObjects: 0.151900 ms)

AssetImportParameters requested are different than current active one (requested -> active):
  custom:framework-win-MediaFoundation: 216162199b28c13a410421893ffa2e32 -> 
  custom:video-decoder-ogg-theora: a1e56fd34408186e4bbccfd4996cb3dc -> 
  custom:container-muxer-webm: aa71ff27fc2769a1b78a27578f13a17b -> 
  custom:container-demuxer-webm: 4f35f7cbe854078d1ac9338744f61a02 -> 
  custom:container-demuxer-ogg: 62fdf1f143b41e24485cea50d1cbac27 -> 
  custom:video-encoder-webm-vp8: eb34c28f22e8b96e1ab97ce403110664 -> 
  custom:video-decoder-webm-vp8: 9c59270c3fd7afecdb556c50c9e8de78 -> 
  custom:audio-decoder-ogg-vorbis: bf7c407c2cedff20999df2af8eb42d56 -> 
  custom:audio-encoder-webm-vorbis: bf7c407c2cedff20999df2af8eb42d56 -> 
========================================================================
Received Prepare
Registering precompiled user dll's ...
Registered in 0.002374 seconds.
Begin MonoManager ReloadAssembly
Native extension for WindowsStandalone target not found
Native extension for WebGL target not found
Refreshing native plugins compatible for Editor in 0.58 ms, found 3 plugins.
Preloading 0 native plugins for Editor in 0.00 ms.
Mono: successfully reloaded assembly
- Completed reload, in  1.249 seconds
Domain Reload Profiling:
	ReloadAssembly (1250ms)
		BeginReloadAssembly (208ms)
			ExecutionOrderSort (0ms)
			DisableScriptedObjects (7ms)
			BackupInstance (0ms)
			ReleaseScriptingObjects (0ms)
			CreateAndSetChildDomain (126ms)
		EndReloadAssembly (978ms)
			LoadAssemblies (107ms)
			RebuildTransferFunctionScriptingTraits (0ms)
			SetupTypeCache (365ms)
			ReleaseScriptCaches (1ms)
			RebuildScriptCaches (54ms)
			SetupLoadedEditorAssemblies (346ms)
				LogAssemblyErrors (0ms)
				InitializePlatformSupportModulesInManaged (6ms)
				SetLoadedEditorAssemblies (1ms)
				RefreshPlugins (1ms)
				BeforeProcessingInitializeOnLoad (95ms)
				ProcessInitializeOnLoadAttributes (225ms)
				ProcessInitializeOnLoadMethodAttributes (17ms)
				AfterProcessingInitializeOnLoad (2ms)
				EditorAssembliesLoaded (0ms)
			ExecutionOrderSort2 (0ms)
			AwakeInstancesAfterBackupRestoration (6ms)
Platform modules already initialized, skipping
Refreshing native plugins compatible for Editor in 0.57 ms, found 3 plugins.
Preloading 0 native plugins for Editor in 0.00 ms.
Unloading 2349 Unused Serialized files (Serialized files now loaded: 0)
System memory in use before: 105.6 MB.
System memory in use after: 105.6 MB.

Unloading 22 unused Assets to reduce memory usage. Loaded Objects now: 2822.
Total: 3.530500 ms (FindLiveObjects: 0.211300 ms CreateObjectMapping: 0.158000 ms MarkObjects: 3.012300 ms  DeleteObjects: 0.147600 ms)

AssetImportParameters requested are different than current active one (requested -> active):
  custom:framework-win-MediaFoundation: 216162199b28c13a410421893ffa2e32 -> 
  custom:video-decoder-ogg-theora: a1e56fd34408186e4bbccfd4996cb3dc -> 
  custom:container-muxer-webm: aa71ff27fc2769a1b78a27578f13a17b -> 
  custom:container-demuxer-webm: 4f35f7cbe854078d1ac9338744f61a02 -> 
  custom:container-demuxer-ogg: 62fdf1f143b41e24485cea50d1cbac27 -> 
  custom:video-encoder-webm-vp8: eb34c28f22e8b96e1ab97ce403110664 -> 
  custom:video-decoder-webm-vp8: 9c59270c3fd7afecdb556c50c9e8de78 -> 
  custom:audio-decoder-ogg-vorbis: bf7c407c2cedff20999df2af8eb42d56 -> 
  custom:audio-encoder-webm-vorbis: bf7c407c2cedff20999df2af8eb42d56 -> 
========================================================================
Received Prepare
Registering precompiled user dll's ...
Registered in 0.003155 seconds.
Begin MonoManager ReloadAssembly
Native extension for WindowsStandalone target not found
Native extension for WebGL target not found
Refreshing native plugins compatible for Editor in 0.61 ms, found 3 plugins.
Preloading 0 native plugins for Editor in 0.00 ms.
Mono: successfully reloaded assembly
- Completed reload, in  1.137 seconds
Domain Reload Profiling:
	ReloadAssembly (1137ms)
		BeginReloadAssembly (116ms)
			ExecutionOrderSort (0ms)
			DisableScriptedObjects (6ms)
			BackupInstance (0ms)
			ReleaseScriptingObjects (0ms)
			CreateAndSetChildDomain (36ms)
		EndReloadAssembly (942ms)
			LoadAssemblies (109ms)
			RebuildTransferFunctionScriptingTraits (0ms)
			SetupTypeCache (335ms)
			ReleaseScriptCaches (2ms)
			RebuildScriptCaches (52ms)
			SetupLoadedEditorAssemblies (347ms)
				LogAssemblyErrors (0ms)
				InitializePlatformSupportModulesInManaged (6ms)
				SetLoadedEditorAssemblies (1ms)
				RefreshPlugins (1ms)
				BeforeProcessingInitializeOnLoad (93ms)
				ProcessInitializeOnLoadAttributes (227ms)
				ProcessInitializeOnLoadMethodAttributes (18ms)
				AfterProcessingInitializeOnLoad (2ms)
				EditorAssembliesLoaded (0ms)
			ExecutionOrderSort2 (0ms)
			AwakeInstancesAfterBackupRestoration (7ms)
Platform modules already initialized, skipping
Refreshing native plugins compatible for Editor in 1.73 ms, found 3 plugins.
Preloading 0 native plugins for Editor in 0.00 ms.
Unloading 2348 Unused Serialized files (Serialized files now loaded: 0)
System memory in use before: 105.5 MB.
System memory in use after: 105.6 MB.

Unloading 22 unused Assets to reduce memory usage. Loaded Objects now: 2825.
Total: 5.111300 ms (FindLiveObjects: 0.226100 ms CreateObjectMapping: 0.186600 ms MarkObjects: 4.527700 ms  DeleteObjects: 0.169100 ms)

AssetImportParameters requested are different than current active one (requested -> active):
  custom:framework-win-MediaFoundation: 216162199b28c13a410421893ffa2e32 -> 
  custom:video-decoder-ogg-theora: a1e56fd34408186e4bbccfd4996cb3dc -> 
  custom:container-muxer-webm: aa71ff27fc2769a1b78a27578f13a17b -> 
  custom:container-demuxer-webm: 4f35f7cbe854078d1ac9338744f61a02 -> 
  custom:container-demuxer-ogg: 62fdf1f143b41e24485cea50d1cbac27 -> 
  custom:video-encoder-webm-vp8: eb34c28f22e8b96e1ab97ce403110664 -> 
  custom:video-decoder-webm-vp8: 9c59270c3fd7afecdb556c50c9e8de78 -> 
  custom:audio-decoder-ogg-vorbis: bf7c407c2cedff20999df2af8eb42d56 -> 
  custom:audio-encoder-webm-vorbis: bf7c407c2cedff20999df2af8eb42d56 -> 
========================================================================
Received Import Request.
  Time since last request: 635.442072 seconds.
  path: Assets/Sprites/rpg_sprite_walk.png
  artifactKey: Guid(144d440cf89509045b4e25ae83c6faf8) Importer(815301076,1909f56bfc062723c751e8b465ee728b)
Start importing Assets/Sprites/rpg_sprite_walk.png using Guid(144d440cf89509045b4e25ae83c6faf8) Importer(815301076,1909f56bfc062723c751e8b465ee728b)  -> (artifact id: '618e10179961c57ca827ceb389ddb4cd') in 0.347053 seconds 
========================================================================
Received Import Request.
  Time since last request: 0.001004 seconds.
  path: Assets/Sprites/log.png
  artifactKey: Guid(707b76d7e981ea04b82915eb947e3a0c) Importer(815301076,1909f56bfc062723c751e8b465ee728b)
Start importing Assets/Sprites/log.png using Guid(707b76d7e981ea04b82915eb947e3a0c) Importer(815301076,1909f56bfc062723c751e8b465ee728b)  -> (artifact id: 'cd8474208bba0a3eaa1f280b6ae3b9ba') in 0.080173 seconds 
========================================================================
Received Import Request.
  Time since last request: 0.000251 seconds.
  path: Assets/Sprites/cave.png
  artifactKey: Guid(57c9e01873427a3489ade4e5c741a0d8) Importer(815301076,1909f56bfc062723c751e8b465ee728b)
Start importing Assets/Sprites/cave.png using Guid(57c9e01873427a3489ade4e5c741a0d8) Importer(815301076,1909f56bfc062723c751e8b465ee728b)  -> (artifact id: '6872adc3a661d203a5658be2fcff17ce') in 0.051435 seconds 
========================================================================
Received Import Request.
  Time since last request: 0.000263 seconds.
  path: Assets/Sprites/NPC_test.png
  artifactKey: Guid(5c1a195ea0520dd498cbe87640d52f8e) Importer(815301076,1909f56bfc062723c751e8b465ee728b)
Start importing Assets/Sprites/NPC_test.png using Guid(5c1a195ea0520dd498cbe87640d52f8e) Importer(815301076,1909f56bfc062723c751e8b465ee728b)  -> (artifact id: '140baffd1b01741f079cf13104c44144') in 0.039862 seconds 
========================================================================
Received Import Request.
  Time since last request: 0.000332 seconds.
  path: Assets/Sprites/character.png
  artifactKey: Guid(3c6ceec43d0d89c40955659bd7a64ed8) Importer(815301076,1909f56bfc062723c751e8b465ee728b)
Start importing Assets/Sprites/character.png using Guid(3c6ceec43d0d89c40955659bd7a64ed8) Importer(815301076,1909f56bfc062723c751e8b465ee728b)  -> (artifact id: '72a7681cdbb35623ee06939e4586b8f1') in 0.049503 seconds 
========================================================================
Received Import Request.
  Time since last request: 0.000233 seconds.
  path: Assets/Sprites/Overworld.png
  artifactKey: Guid(c23134b37055da642a1bc26cdac08bd2) Importer(815301076,1909f56bfc062723c751e8b465ee728b)
Start importing Assets/Sprites/Overworld.png using Guid(c23134b37055da642a1bc26cdac08bd2) Importer(815301076,1909f56bfc062723c751e8b465ee728b)  -> (artifact id: '83c30ce8b24d8982647f58b8479956e3') in 0.051699 seconds 
========================================================================
Received Import Request.
  Time since last request: 0.000266 seconds.
  path: Assets/Sprites/font.png
  artifactKey: Guid(e874c519fffbf4848b2c79f5c2fbfa6e) Importer(815301076,1909f56bfc062723c751e8b465ee728b)
Start importing Assets/Sprites/font.png using Guid(e874c519fffbf4848b2c79f5c2fbfa6e) Importer(815301076,1909f56bfc062723c751e8b465ee728b)  -> (artifact id: 'fc500624d1bd7823c199993760c0ae34') in 0.045790 seconds 
========================================================================
Received Import Request.
  Time since last request: 0.000226 seconds.
  path: Assets/Sprites/Inner.png
  artifactKey: Guid(e7dcb45505610cf4d99cd4736c193589) Importer(815301076,1909f56bfc062723c751e8b465ee728b)
Start importing Assets/Sprites/Inner.png using Guid(e7dcb45505610cf4d99cd4736c193589) Importer(815301076,1909f56bfc062723c751e8b465ee728b)  -> (artifact id: '2ab1bdcee5944b077afb90f460ebc7ab') in 0.038979 seconds 
========================================================================
Received Import Request.
  Time since last request: 0.000219 seconds.
  path: Assets/Sprites/objects.png
  artifactKey: Guid(581ba40b97a2e1a4e9b26066c7242141) Importer(815301076,1909f56bfc062723c751e8b465ee728b)
Start importing Assets/Sprites/objects.png using Guid(581ba40b97a2e1a4e9b26066c7242141) Importer(815301076,1909f56bfc062723c751e8b465ee728b)  -> (artifact id: '23392cd3112ab280f5abe66427571600') in 0.034357 seconds 
========================================================================
Received Import Request.
  Time since last request: 27.070742 seconds.
  path: Assets/Sprites/cave.png
  artifactKey: Guid(57c9e01873427a3489ade4e5c741a0d8) Importer(815301076,1909f56bfc062723c751e8b465ee728b)
Start importing Assets/Sprites/cave.png using Guid(57c9e01873427a3489ade4e5c741a0d8) Importer(815301076,1909f56bfc062723c751e8b465ee728b)  -> (artifact id: 'c76bdf43af11badffe446b49e4187f70') in 0.051023 seconds 
========================================================================
Received Import Request.
  Time since last request: 0.000203 seconds.
  path: Assets/Sprites/log.png
  artifactKey: Guid(707b76d7e981ea04b82915eb947e3a0c) Importer(815301076,1909f56bfc062723c751e8b465ee728b)
Start importing Assets/Sprites/log.png using Guid(707b76d7e981ea04b82915eb947e3a0c) Importer(815301076,1909f56bfc062723c751e8b465ee728b)  -> (artifact id: '724618f6817d791cf32a320671221646') in 0.032744 seconds 
========================================================================
Received Import Request.
  Time since last request: 0.000245 seconds.
  path: Assets/Sprites/NPC_test.png
  artifactKey: Guid(5c1a195ea0520dd498cbe87640d52f8e) Importer(815301076,1909f56bfc062723c751e8b465ee728b)
Start importing Assets/Sprites/NPC_test.png using Guid(5c1a195ea0520dd498cbe87640d52f8e) Importer(815301076,1909f56bfc062723c751e8b465ee728b)  -> (artifact id: '350d373e58dfe7df900de19dbd332301') in 0.034950 seconds 
========================================================================
Received Import Request.
  Time since last request: 0.000206 seconds.
  path: Assets/Sprites/character.png
  artifactKey: Guid(3c6ceec43d0d89c40955659bd7a64ed8) Importer(815301076,1909f56bfc062723c751e8b465ee728b)
Start importing Assets/Sprites/character.png using Guid(3c6ceec43d0d89c40955659bd7a64ed8) Importer(815301076,1909f56bfc062723c751e8b465ee728b)  -> (artifact id: '6da1ad4a01fdb61b396b92ec627bad45') in 0.034719 seconds 
========================================================================
Received Import Request.
  Time since last request: 0.000203 seconds.
  path: Assets/Sprites/Overworld.png
  artifactKey: Guid(c23134b37055da642a1bc26cdac08bd2) Importer(815301076,1909f56bfc062723c751e8b465ee728b)
Start importing Assets/Sprites/Overworld.png using Guid(c23134b37055da642a1bc26cdac08bd2) Importer(815301076,1909f56bfc062723c751e8b465ee728b)  -> (artifact id: 'adb946f502d263e3557f465bea68b413') in 0.036334 seconds 
========================================================================
Received Import Request.
  Time since last request: 0.000200 seconds.
  path: Assets/Sprites/font.png
  artifactKey: Guid(e874c519fffbf4848b2c79f5c2fbfa6e) Importer(815301076,1909f56bfc062723c751e8b465ee728b)
Start importing Assets/Sprites/font.png using Guid(e874c519fffbf4848b2c79f5c2fbfa6e) Importer(815301076,1909f56bfc062723c751e8b465ee728b)  -> (artifact id: 'f6369b469fff05d0080f5cc4692e4091') in 0.027991 seconds 
========================================================================
Received Import Request.
  Time since last request: 0.000210 seconds.
  path: Assets/Sprites/Inner.png
  artifactKey: Guid(e7dcb45505610cf4d99cd4736c193589) Importer(815301076,1909f56bfc062723c751e8b465ee728b)
Start importing Assets/Sprites/Inner.png using Guid(e7dcb45505610cf4d99cd4736c193589) Importer(815301076,1909f56bfc062723c751e8b465ee728b)  -> (artifact id: 'fcbe8f694037b8b5dcd81e0f270658f0') in 0.025691 seconds 
========================================================================
Received Import Request.
  Time since last request: 0.000220 seconds.
  path: Assets/Sprites/rpg_sprite_walk.png
  artifactKey: Guid(144d440cf89509045b4e25ae83c6faf8) Importer(815301076,1909f56bfc062723c751e8b465ee728b)
Start importing Assets/Sprites/rpg_sprite_walk.png using Guid(144d440cf89509045b4e25ae83c6faf8) Importer(815301076,1909f56bfc062723c751e8b465ee728b)  -> (artifact id: '34312d4ae85d01d5b48b68166a1e29c8') in 0.125430 seconds 
========================================================================
Received Import Request.
  Time since last request: 0.000358 seconds.
  path: Assets/Sprites/objects.png
  artifactKey: Guid(581ba40b97a2e1a4e9b26066c7242141) Importer(815301076,1909f56bfc062723c751e8b465ee728b)
Start importing Assets/Sprites/objects.png using Guid(581ba40b97a2e1a4e9b26066c7242141) Importer(815301076,1909f56bfc062723c751e8b465ee728b)  -> (artifact id: 'a453663216c4f885ae5b13b366e5f6ef') in 0.036056 seconds 
========================================================================
Received Import Request.
  Time since last request: 20.187716 seconds.
  path: Assets/Sprites/rpg_sprite_walk.png
  artifactKey: Guid(144d440cf89509045b4e25ae83c6faf8) Importer(815301076,1909f56bfc062723c751e8b465ee728b)
Start importing Assets/Sprites/rpg_sprite_walk.png using Guid(144d440cf89509045b4e25ae83c6faf8) Importer(815301076,1909f56bfc062723c751e8b465ee728b)  -> (artifact id: '34d21d7884056f346e49812720a75d8f') in 0.162476 seconds 
========================================================================
Received Import Request.
  Time since last request: 0.000269 seconds.
  path: Assets/Sprites/log.png
  artifactKey: Guid(707b76d7e981ea04b82915eb947e3a0c) Importer(815301076,1909f56bfc062723c751e8b465ee728b)
Start importing Assets/Sprites/log.png using Guid(707b76d7e981ea04b82915eb947e3a0c) Importer(815301076,1909f56bfc062723c751e8b465ee728b)  -> (artifact id: 'decf608c8e4819f1a613c7452b288773') in 0.029131 seconds 
========================================================================
Received Import Request.
  Time since last request: 0.000392 seconds.
  path: Assets/Sprites/cave.png
  artifactKey: Guid(57c9e01873427a3489ade4e5c741a0d8) Importer(815301076,1909f56bfc062723c751e8b465ee728b)
Start importing Assets/Sprites/cave.png using Guid(57c9e01873427a3489ade4e5c741a0d8) Importer(815301076,1909f56bfc062723c751e8b465ee728b)  -> (artifact id: '81484c58f87cf7de070fa77ff9434881') in 0.037977 seconds 
========================================================================
Received Import Request.
  Time since last request: 0.000287 seconds.
  path: Assets/Sprites/NPC_test.png
  artifactKey: Guid(5c1a195ea0520dd498cbe87640d52f8e) Importer(815301076,1909f56bfc062723c751e8b465ee728b)
Start importing Assets/Sprites/NPC_test.png using Guid(5c1a195ea0520dd498cbe87640d52f8e) Importer(815301076,1909f56bfc062723c751e8b465ee728b)  -> (artifact id: '45ca93b5e20a361d1839e04e19b9be55') in 0.018169 seconds 
========================================================================
Received Import Request.
  Time since last request: 0.000348 seconds.
  path: Assets/Sprites/character.png
  artifactKey: Guid(3c6ceec43d0d89c40955659bd7a64ed8) Importer(815301076,1909f56bfc062723c751e8b465ee728b)
Start importing Assets/Sprites/character.png using Guid(3c6ceec43d0d89c40955659bd7a64ed8) Importer(815301076,1909f56bfc062723c751e8b465ee728b)  -> (artifact id: '15e46172c24089c25bbd9de84d169c00') in 0.026314 seconds 
========================================================================
Received Import Request.
  Time since last request: 0.000284 seconds.
  path: Assets/Sprites/Overworld.png
  artifactKey: Guid(c23134b37055da642a1bc26cdac08bd2) Importer(815301076,1909f56bfc062723c751e8b465ee728b)
Start importing Assets/Sprites/Overworld.png using Guid(c23134b37055da642a1bc26cdac08bd2) Importer(815301076,1909f56bfc062723c751e8b465ee728b)  -> (artifact id: 'd0bf6a02b7bcf22517d3dfbd27c07f4a') in 0.028193 seconds 
========================================================================
Received Import Request.
  Time since last request: 0.000213 seconds.
  path: Assets/Sprites/font.png
  artifactKey: Guid(e874c519fffbf4848b2c79f5c2fbfa6e) Importer(815301076,1909f56bfc062723c751e8b465ee728b)
Start importing Assets/Sprites/font.png using Guid(e874c519fffbf4848b2c79f5c2fbfa6e) Importer(815301076,1909f56bfc062723c751e8b465ee728b)  -> (artifact id: '202f31f738c981e09c26f414eef60a11') in 0.015892 seconds 
========================================================================
Received Import Request.
  Time since last request: 0.000335 seconds.
  path: Assets/Sprites/Inner.png
  artifactKey: Guid(e7dcb45505610cf4d99cd4736c193589) Importer(815301076,1909f56bfc062723c751e8b465ee728b)
Start importing Assets/Sprites/Inner.png using Guid(e7dcb45505610cf4d99cd4736c193589) Importer(815301076,1909f56bfc062723c751e8b465ee728b)  -> (artifact id: '5a348c7a96b647feb58d0ec6f94f64d6') in 0.022013 seconds 
========================================================================
Received Import Request.
  Time since last request: 0.000247 seconds.
  path: Assets/Sprites/objects.png
  artifactKey: Guid(581ba40b97a2e1a4e9b26066c7242141) Importer(815301076,1909f56bfc062723c751e8b465ee728b)
Start importing Assets/Sprites/objects.png using Guid(581ba40b97a2e1a4e9b26066c7242141) Importer(815301076,1909f56bfc062723c751e8b465ee728b)  -> (artifact id: 'a43c3e070ab5c5682682d069ef1b178e') in 0.025105 seconds 
========================================================================
Received Import Request.
  Time since last request: 14229.395858 seconds.
  path: Assets/Animations/MainCharacter_WalkAnimations_down.anim
  artifactKey: Guid(3063cc50de9c1d74484fe4e6ab24500e) Importer(815301076,1909f56bfc062723c751e8b465ee728b)
Start importing Assets/Animations/MainCharacter_WalkAnimations_down.anim using Guid(3063cc50de9c1d74484fe4e6ab24500e) Importer(815301076,1909f56bfc062723c751e8b465ee728b)  -> (artifact id: '65d21954d6d0ad35d60e37a3bb0661dc') in 0.035879 seconds 
========================================================================
Received Import Request.
  Time since last request: 1.002401 seconds.
  path: Assets/Animations/MainCharacter_WalkAnimations_up.anim
  artifactKey: Guid(32182dc70dd8dc1499d091dd68af18ad) Importer(815301076,1909f56bfc062723c751e8b465ee728b)
Start importing Assets/Animations/MainCharacter_WalkAnimations_up.anim using Guid(32182dc70dd8dc1499d091dd68af18ad) Importer(815301076,1909f56bfc062723c751e8b465ee728b)  -> (artifact id: '9b1ae525bcba43b1766b655dc43d2d57') in 0.015034 seconds 
========================================================================
Received Import Request.
  Time since last request: 112.522673 seconds.
  path: Assets/Animations/AnimatorController/rpg_sprite_walk_0.controller
  artifactKey: Guid(c752897da1826f041ae649a5edef5523) Importer(815301076,1909f56bfc062723c751e8b465ee728b)
Start importing Assets/Animations/AnimatorController/rpg_sprite_walk_0.controller using Guid(c752897da1826f041ae649a5edef5523) Importer(815301076,1909f56bfc062723c751e8b465ee728b)  -> (artifact id: '91310f2702b50abdd47e57feaed526b9') in 0.019110 seconds 
========================================================================
Received Import Request.
  Time since last request: 10.992025 seconds.
  path: Assets/Animations/MainCharacter_WalkAnimations_right.anim
  artifactKey: Guid(6cb7670161048fc45bc387c0aa1d615e) Importer(815301076,1909f56bfc062723c751e8b465ee728b)
Start importing Assets/Animations/MainCharacter_WalkAnimations_right.anim using Guid(6cb7670161048fc45bc387c0aa1d615e) Importer(815301076,1909f56bfc062723c751e8b465ee728b)  -> (artifact id: '503212b54afde355757aa15d05b44c2c') in 0.012588 seconds 
========================================================================
Received Import Request.
  Time since last request: 0.634512 seconds.
  path: Assets/Animations/MainCharacter_WalkAnimations_left.anim
  artifactKey: Guid(1c4ad8175461a97478e36f4a2879dd97) Importer(815301076,1909f56bfc062723c751e8b465ee728b)
Start importing Assets/Animations/MainCharacter_WalkAnimations_left.anim using Guid(1c4ad8175461a97478e36f4a2879dd97) Importer(815301076,1909f56bfc062723c751e8b465ee728b)  -> (artifact id: '13182abe47014625a5498844e0d30abd') in 0.012905 seconds 
========================================================================
Received Import Request.
  Time since last request: 423.898846 seconds.
  path: Assets/Animations/AnimatorController/MainCharacterController.controller
  artifactKey: Guid(c752897da1826f041ae649a5edef5523) Importer(815301076,1909f56bfc062723c751e8b465ee728b)
Start importing Assets/Animations/AnimatorController/MainCharacterController.controller using Guid(c752897da1826f041ae649a5edef5523) Importer(815301076,1909f56bfc062723c751e8b465ee728b)  -> (artifact id: 'a4f5aaca1e09b7657b2de0e7cb7c2925') in 0.017468 seconds 
========================================================================
Received Import Request.
  Time since last request: 114.265314 seconds.
  path: Assets/Animations/MainCharacter_WalkAnimation_Down.anim
  artifactKey: Guid(2dcf8c17db8512849bb8587dc3092383) Importer(815301076,1909f56bfc062723c751e8b465ee728b)
Start importing Assets/Animations/MainCharacter_WalkAnimation_Down.anim using Guid(2dcf8c17db8512849bb8587dc3092383) Importer(815301076,1909f56bfc062723c751e8b465ee728b)  -> (artifact id: '347e7e8ce5e71e5b0a44741c31fa513a') in 0.012320 seconds 
========================================================================
Received Import Request.
  Time since last request: 3.188123 seconds.
  path: Assets/Animations/MainCharacter_WalkAnimation_Right.anim
  artifactKey: Guid(772fda2126e3aef44af5fc0b6c8dde19) Importer(815301076,1909f56bfc062723c751e8b465ee728b)
Start importing Assets/Animations/MainCharacter_WalkAnimation_Right.anim using Guid(772fda2126e3aef44af5fc0b6c8dde19) Importer(815301076,1909f56bfc062723c751e8b465ee728b)  -> (artifact id: 'cd08e367a13cc3c3195c088344f49de6') in 0.021689 seconds 
========================================================================
Received Import Request.
  Time since last request: 2.636103 seconds.
  path: Assets/Animations/MainCharacter_WalkAnimation_Left.anim
  artifactKey: Guid(fe1d1b254f83107438dd06f65641798b) Importer(815301076,1909f56bfc062723c751e8b465ee728b)
Start importing Assets/Animations/MainCharacter_WalkAnimation_Left.anim using Guid(fe1d1b254f83107438dd06f65641798b) Importer(815301076,1909f56bfc062723c751e8b465ee728b)  -> (artifact id: 'c7fa9b126058ed22c2a78cb3b31e4d02') in 0.014052 seconds 
========================================================================
Received Import Request.
  Time since last request: 4.084655 seconds.
  path: Assets/Animations/MainCharacter_WalkAnimation_Up.anim
  artifactKey: Guid(b52707d0987f08b4fa0ce5e8a76a5410) Importer(815301076,1909f56bfc062723c751e8b465ee728b)
Start importing Assets/Animations/MainCharacter_WalkAnimation_Up.anim using Guid(b52707d0987f08b4fa0ce5e8a76a5410) Importer(815301076,1909f56bfc062723c751e8b465ee728b)  -> (artifact id: '5b4d7c054fb47ebad10ec341520abe94') in 0.014480 seconds 
========================================================================
Received Prepare
Registering precompiled user dll's ...
Registered in 0.302586 seconds.
Begin MonoManager ReloadAssembly
Native extension for WindowsStandalone target not found
Native extension for WebGL target not found
Refreshing native plugins compatible for Editor in 0.59 ms, found 3 plugins.
Preloading 0 native plugins for Editor in 0.00 ms.
Mono: successfully reloaded assembly
- Completed reload, in  1.302 seconds
Domain Reload Profiling:
	ReloadAssembly (1303ms)
		BeginReloadAssembly (153ms)
			ExecutionOrderSort (0ms)
			DisableScriptedObjects (12ms)
			BackupInstance (0ms)
			ReleaseScriptingObjects (0ms)
			CreateAndSetChildDomain (50ms)
		EndReloadAssembly (1076ms)
			LoadAssemblies (129ms)
			RebuildTransferFunctionScriptingTraits (0ms)
			SetupTypeCache (491ms)
			ReleaseScriptCaches (1ms)
			RebuildScriptCaches (49ms)
			SetupLoadedEditorAssemblies (326ms)
				LogAssemblyErrors (0ms)
				InitializePlatformSupportModulesInManaged (5ms)
				SetLoadedEditorAssemblies (1ms)
				RefreshPlugins (1ms)
				BeforeProcessingInitializeOnLoad (91ms)
				ProcessInitializeOnLoadAttributes (210ms)
				ProcessInitializeOnLoadMethodAttributes (16ms)
				AfterProcessingInitializeOnLoad (2ms)
				EditorAssembliesLoaded (0ms)
			ExecutionOrderSort2 (0ms)
			AwakeInstancesAfterBackupRestoration (5ms)
Platform modules already initialized, skipping
Refreshing native plugins compatible for Editor in 0.59 ms, found 3 plugins.
Preloading 0 native plugins for Editor in 0.00 ms.
Unloading 2348 Unused Serialized files (Serialized files now loaded: 0)
System memory in use before: 105.6 MB.
System memory in use after: 105.6 MB.

Unloading 22 unused Assets to reduce memory usage. Loaded Objects now: 2829.
Total: 3.640500 ms (FindLiveObjects: 0.252300 ms CreateObjectMapping: 0.107100 ms MarkObjects: 3.101500 ms  DeleteObjects: 0.178300 ms)

AssetImportParameters requested are different than current active one (requested -> active):
  custom:framework-win-MediaFoundation: 216162199b28c13a410421893ffa2e32 -> 
  custom:video-decoder-ogg-theora: a1e56fd34408186e4bbccfd4996cb3dc -> 
  custom:container-muxer-webm: aa71ff27fc2769a1b78a27578f13a17b -> 
  custom:container-demuxer-webm: 4f35f7cbe854078d1ac9338744f61a02 -> 
  custom:container-demuxer-ogg: 62fdf1f143b41e24485cea50d1cbac27 -> 
  custom:video-encoder-webm-vp8: eb34c28f22e8b96e1ab97ce403110664 -> 
  custom:video-decoder-webm-vp8: 9c59270c3fd7afecdb556c50c9e8de78 -> 
  custom:audio-decoder-ogg-vorbis: bf7c407c2cedff20999df2af8eb42d56 -> 
  custom:audio-encoder-webm-vorbis: bf7c407c2cedff20999df2af8eb42d56 -> 
========================================================================
Received Prepare
Registering precompiled user dll's ...
Registered in 0.002230 seconds.
Begin MonoManager ReloadAssembly
Native extension for WindowsStandalone target not found
Native extension for WebGL target not found
Refreshing native plugins compatible for Editor in 0.57 ms, found 3 plugins.
Preloading 0 native plugins for Editor in 0.00 ms.
Mono: successfully reloaded assembly
- Completed reload, in  1.079 seconds
Domain Reload Profiling:
	ReloadAssembly (1080ms)
		BeginReloadAssembly (120ms)
			ExecutionOrderSort (0ms)
			DisableScriptedObjects (7ms)
			BackupInstance (0ms)
			ReleaseScriptingObjects (0ms)
			CreateAndSetChildDomain (39ms)
		EndReloadAssembly (900ms)
			LoadAssemblies (102ms)
			RebuildTransferFunctionScriptingTraits (0ms)
			SetupTypeCache (319ms)
			ReleaseScriptCaches (1ms)
			RebuildScriptCaches (48ms)
			SetupLoadedEditorAssemblies (336ms)
				LogAssemblyErrors (0ms)
				InitializePlatformSupportModulesInManaged (5ms)
				SetLoadedEditorAssemblies (1ms)
				RefreshPlugins (1ms)
				BeforeProcessingInitializeOnLoad (90ms)
				ProcessInitializeOnLoadAttributes (219ms)
				ProcessInitializeOnLoadMethodAttributes (17ms)
				AfterProcessingInitializeOnLoad (3ms)
				EditorAssembliesLoaded (0ms)
			ExecutionOrderSort2 (0ms)
			AwakeInstancesAfterBackupRestoration (5ms)
Platform modules already initialized, skipping
Refreshing native plugins compatible for Editor in 0.56 ms, found 3 plugins.
Preloading 0 native plugins for Editor in 0.00 ms.
Unloading 2348 Unused Serialized files (Serialized files now loaded: 0)
System memory in use before: 105.6 MB.
System memory in use after: 105.6 MB.

Unloading 22 unused Assets to reduce memory usage. Loaded Objects now: 2832.
Total: 3.791000 ms (FindLiveObjects: 0.209600 ms CreateObjectMapping: 0.105000 ms MarkObjects: 3.327000 ms  DeleteObjects: 0.148500 ms)

AssetImportParameters requested are different than current active one (requested -> active):
  custom:framework-win-MediaFoundation: 216162199b28c13a410421893ffa2e32 -> 
  custom:video-decoder-ogg-theora: a1e56fd34408186e4bbccfd4996cb3dc -> 
  custom:container-muxer-webm: aa71ff27fc2769a1b78a27578f13a17b -> 
  custom:container-demuxer-webm: 4f35f7cbe854078d1ac9338744f61a02 -> 
  custom:container-demuxer-ogg: 62fdf1f143b41e24485cea50d1cbac27 -> 
  custom:video-encoder-webm-vp8: eb34c28f22e8b96e1ab97ce403110664 -> 
  custom:video-decoder-webm-vp8: 9c59270c3fd7afecdb556c50c9e8de78 -> 
  custom:audio-decoder-ogg-vorbis: bf7c407c2cedff20999df2af8eb42d56 -> 
  custom:audio-encoder-webm-vorbis: bf7c407c2cedff20999df2af8eb42d56 -> 
========================================================================
Received Prepare
Registering precompiled user dll's ...
Registered in 0.037213 seconds.
Begin MonoManager ReloadAssembly
Native extension for WindowsStandalone target not found
Native extension for WebGL target not found
Refreshing native plugins compatible for Editor in 0.57 ms, found 3 plugins.
Preloading 0 native plugins for Editor in 0.00 ms.
Mono: successfully reloaded assembly
- Completed reload, in  1.245 seconds
Domain Reload Profiling:
	ReloadAssembly (1246ms)
		BeginReloadAssembly (161ms)
			ExecutionOrderSort (0ms)
			DisableScriptedObjects (8ms)
			BackupInstance (0ms)
			ReleaseScriptingObjects (0ms)
			CreateAndSetChildDomain (46ms)
		EndReloadAssembly (1022ms)
			LoadAssemblies (148ms)
			RebuildTransferFunctionScriptingTraits (0ms)
			SetupTypeCache (403ms)
			ReleaseScriptCaches (1ms)
			RebuildScriptCaches (51ms)
			SetupLoadedEditorAssemblies (353ms)
				LogAssemblyErrors (0ms)
				InitializePlatformSupportModulesInManaged (6ms)
				SetLoadedEditorAssemblies (1ms)
				RefreshPlugins (1ms)
				BeforeProcessingInitializeOnLoad (97ms)
				ProcessInitializeOnLoadAttributes (218ms)
				ProcessInitializeOnLoadMethodAttributes (28ms)
				AfterProcessingInitializeOnLoad (3ms)
				EditorAssembliesLoaded (0ms)
			ExecutionOrderSort2 (0ms)
			AwakeInstancesAfterBackupRestoration (5ms)
Platform modules already initialized, skipping
Refreshing native plugins compatible for Editor in 0.60 ms, found 3 plugins.
Preloading 0 native plugins for Editor in 0.00 ms.
Unloading 2348 Unused Serialized files (Serialized files now loaded: 0)
System memory in use before: 105.5 MB.
System memory in use after: 105.5 MB.

Unloading 22 unused Assets to reduce memory usage. Loaded Objects now: 2835.
Total: 3.943100 ms (FindLiveObjects: 0.281700 ms CreateObjectMapping: 0.342000 ms MarkObjects: 3.172600 ms  DeleteObjects: 0.145800 ms)

AssetImportParameters requested are different than current active one (requested -> active):
  custom:framework-win-MediaFoundation: 216162199b28c13a410421893ffa2e32 -> 
  custom:video-decoder-ogg-theora: a1e56fd34408186e4bbccfd4996cb3dc -> 
  custom:container-muxer-webm: aa71ff27fc2769a1b78a27578f13a17b -> 
  custom:container-demuxer-webm: 4f35f7cbe854078d1ac9338744f61a02 -> 
  custom:container-demuxer-ogg: 62fdf1f143b41e24485cea50d1cbac27 -> 
  custom:video-encoder-webm-vp8: eb34c28f22e8b96e1ab97ce403110664 -> 
  custom:video-decoder-webm-vp8: 9c59270c3fd7afecdb556c50c9e8de78 -> 
  custom:audio-decoder-ogg-vorbis: bf7c407c2cedff20999df2af8eb42d56 -> 
  custom:audio-encoder-webm-vorbis: bf7c407c2cedff20999df2af8eb42d56 -> 
========================================================================
Received Prepare
Registering precompiled user dll's ...
Registered in 0.002233 seconds.
Begin MonoManager ReloadAssembly
Native extension for WindowsStandalone target not found
Native extension for WebGL target not found
Refreshing native plugins compatible for Editor in 0.61 ms, found 3 plugins.
Preloading 0 native plugins for Editor in 0.00 ms.
Mono: successfully reloaded assembly
- Completed reload, in  1.055 seconds
Domain Reload Profiling:
	ReloadAssembly (1055ms)
		BeginReloadAssembly (116ms)
			ExecutionOrderSort (0ms)
			DisableScriptedObjects (7ms)
			BackupInstance (0ms)
			ReleaseScriptingObjects (0ms)
			CreateAndSetChildDomain (36ms)
		EndReloadAssembly (881ms)
			LoadAssemblies (100ms)
			RebuildTransferFunctionScriptingTraits (0ms)
			SetupTypeCache (316ms)
			ReleaseScriptCaches (1ms)
			RebuildScriptCaches (49ms)
			SetupLoadedEditorAssemblies (324ms)
				LogAssemblyErrors (0ms)
				InitializePlatformSupportModulesInManaged (5ms)
				SetLoadedEditorAssemblies (1ms)
				RefreshPlugins (1ms)
				BeforeProcessingInitializeOnLoad (91ms)
				ProcessInitializeOnLoadAttributes (208ms)
				ProcessInitializeOnLoadMethodAttributes (16ms)
				AfterProcessingInitializeOnLoad (2ms)
				EditorAssembliesLoaded (0ms)
			ExecutionOrderSort2 (0ms)
			AwakeInstancesAfterBackupRestoration (5ms)
Platform modules already initialized, skipping
Refreshing native plugins compatible for Editor in 0.63 ms, found 3 plugins.
Preloading 0 native plugins for Editor in 0.00 ms.
Unloading 2348 Unused Serialized files (Serialized files now loaded: 0)
System memory in use before: 105.6 MB.
System memory in use after: 105.6 MB.

Unloading 22 unused Assets to reduce memory usage. Loaded Objects now: 2838.
Total: 4.156300 ms (FindLiveObjects: 0.367700 ms CreateObjectMapping: 0.245200 ms MarkObjects: 3.382600 ms  DeleteObjects: 0.159600 ms)

AssetImportParameters requested are different than current active one (requested -> active):
  custom:framework-win-MediaFoundation: 216162199b28c13a410421893ffa2e32 -> 
  custom:video-decoder-ogg-theora: a1e56fd34408186e4bbccfd4996cb3dc -> 
  custom:container-muxer-webm: aa71ff27fc2769a1b78a27578f13a17b -> 
  custom:container-demuxer-webm: 4f35f7cbe854078d1ac9338744f61a02 -> 
  custom:container-demuxer-ogg: 62fdf1f143b41e24485cea50d1cbac27 -> 
  custom:video-encoder-webm-vp8: eb34c28f22e8b96e1ab97ce403110664 -> 
  custom:video-decoder-webm-vp8: 9c59270c3fd7afecdb556c50c9e8de78 -> 
  custom:audio-decoder-ogg-vorbis: bf7c407c2cedff20999df2af8eb42d56 -> 
  custom:audio-encoder-webm-vorbis: bf7c407c2cedff20999df2af8eb42d56 -> 
AssetImportWorkerClient::OnTransportError - code=2 error=End of file
